[2024-12-01 15:51:32,783: INFO: main: Logging is implemented]
[2024-12-04 14:37:43,049: INFO: common: yaml file: config\config.yaml loaded successfully]
[2024-12-04 14:37:43,056: INFO: common: yaml file: params.yaml loaded successfully]
[2024-12-04 14:38:30,635: INFO: common: yaml file: config\config.yaml loaded successfully]
[2024-12-04 14:38:58,651: INFO: common: yaml file: config\config.yaml loaded successfully]
[2024-12-04 14:38:58,654: INFO: common: yaml file: params.yaml loaded successfully]
[2024-12-04 14:38:58,657: INFO: common: created directory at: artifacts]
[2024-12-04 14:38:58,659: INFO: common: created directory at: artifacts/data_ingestion]
[2024-12-04 14:38:59,757: INFO: 4079356255: File is donwloaded]
[2024-12-04 14:39:16,329: INFO: common: yaml file: config\config.yaml loaded successfully]
[2024-12-04 14:39:16,331: INFO: common: yaml file: params.yaml loaded successfully]
[2024-12-04 14:39:16,333: INFO: common: created directory at: artifacts]
[2024-12-04 14:39:16,334: INFO: common: created directory at: artifacts/data_ingestion]
[2024-12-04 14:39:16,335: INFO: 556183412: File already exists]
[2024-12-04 16:04:44,239: INFO: common: yaml file: config\config.yaml loaded successfully]
[2024-12-04 16:04:44,244: INFO: common: yaml file: params.yaml loaded successfully]
[2024-12-04 16:04:44,249: INFO: common: created directory at: artifacts]
[2024-12-04 16:04:44,252: INFO: common: created directory at: artifacts/data_ingestion]
[2024-12-04 16:04:44,256: INFO: 556183412: File already exists]
[2024-12-04 16:04:50,478: INFO: common: yaml file: config\config.yaml loaded successfully]
[2024-12-04 16:04:50,484: INFO: common: yaml file: params.yaml loaded successfully]
[2024-12-04 16:04:50,487: INFO: common: created directory at: artifacts]
[2024-12-04 16:04:50,490: INFO: common: created directory at: artifacts/data_ingestion]
[2024-12-04 16:04:50,491: INFO: 556183412: File already exists]
[2024-12-04 16:21:41,149: INFO: common: yaml file: config\config.yaml loaded successfully]
[2024-12-04 16:21:41,151: INFO: common: yaml file: params.yaml loaded successfully]
[2024-12-04 16:21:41,153: INFO: common: created directory at: artifacts]
[2024-12-04 16:21:41,155: INFO: common: created directory at: artifacts/data_ingestion]
[2024-12-04 16:21:41,156: INFO: 2241091367: File already exists.]
[2024-12-04 16:21:41,159: ERROR: 2241091367: Error: The file artifacts/data_ingestion/data.zip is not a valid ZIP file.]
[2024-12-04 16:34:21,903: INFO: common: yaml file: config\config.yaml loaded successfully]
[2024-12-04 16:34:21,907: INFO: common: yaml file: params.yaml loaded successfully]
[2024-12-04 16:34:21,910: INFO: common: created directory at: artifacts]
[2024-12-04 16:34:21,913: INFO: common: created directory at: artifacts/data_ingestion]
[2024-12-04 16:34:22,653: INFO: 2241091367: File is downloaded successfully.]
[2024-12-04 16:34:22,656: ERROR: 2241091367: Error: The file artifacts/data_ingestion/data.zip is not a valid ZIP file.]
[2024-12-04 16:38:33,939: INFO: common: yaml file: config\config.yaml loaded successfully]
[2024-12-04 16:38:33,942: INFO: common: yaml file: params.yaml loaded successfully]
[2024-12-04 16:38:33,943: INFO: common: created directory at: artifacts]
[2024-12-04 16:38:33,945: INFO: common: created directory at: artifacts/data_ingestion]
[2024-12-04 16:38:33,947: INFO: 2241091367: File already exists.]
[2024-12-04 16:38:33,949: ERROR: 2241091367: An error occurred while extracting the zip file: [Errno 13] Permission denied: 'artifacts/data_ingestion']
[2024-12-04 16:40:23,141: INFO: common: yaml file: config\config.yaml loaded successfully]
[2024-12-04 16:40:23,147: INFO: common: yaml file: params.yaml loaded successfully]
[2024-12-04 16:40:23,150: INFO: common: created directory at: artifacts]
[2024-12-04 16:40:23,151: INFO: common: created directory at: artifacts/data_ingestion]
[2024-12-04 16:40:23,154: INFO: 2241091367: File already exists.]
[2024-12-04 16:40:23,156: ERROR: 2241091367: An error occurred while extracting the zip file: [Errno 13] Permission denied: 'artifacts/data_ingestion']
[2024-12-04 16:40:36,412: INFO: common: yaml file: config\config.yaml loaded successfully]
[2024-12-04 16:40:36,416: INFO: common: yaml file: params.yaml loaded successfully]
[2024-12-04 16:40:36,418: INFO: common: created directory at: artifacts]
[2024-12-04 16:40:36,420: INFO: common: created directory at: artifacts/data_ingestion]
[2024-12-04 16:40:36,423: INFO: 2241091367: File already exists.]
[2024-12-04 16:40:43,196: INFO: common: yaml file: config\config.yaml loaded successfully]
[2024-12-04 16:40:43,200: INFO: common: yaml file: params.yaml loaded successfully]
[2024-12-04 16:40:43,204: INFO: common: created directory at: artifacts]
[2024-12-04 16:40:43,206: INFO: common: created directory at: artifacts/data_ingestion]
[2024-12-04 16:40:43,207: INFO: 2241091367: File already exists.]
[2024-12-04 16:40:43,209: ERROR: 2241091367: An error occurred while extracting the zip file: [Errno 13] Permission denied: 'artifacts/data_ingestion']
[2024-12-04 16:41:03,908: INFO: common: yaml file: config\config.yaml loaded successfully]
[2024-12-04 16:41:03,910: INFO: common: yaml file: params.yaml loaded successfully]
[2024-12-04 16:41:03,911: INFO: common: created directory at: artifacts]
[2024-12-04 16:41:03,915: INFO: common: created directory at: artifacts/data_ingestion]
[2024-12-04 16:41:03,918: INFO: 2241091367: File already exists.]
[2024-12-04 16:41:43,710: INFO: common: yaml file: config\config.yaml loaded successfully]
[2024-12-04 16:41:43,712: INFO: common: yaml file: params.yaml loaded successfully]
[2024-12-04 16:41:43,716: INFO: common: created directory at: artifacts]
[2024-12-04 16:41:43,718: INFO: common: created directory at: artifacts/data_ingestion]
[2024-12-04 16:41:43,719: INFO: 2241091367: File already exists.]
[2024-12-04 16:41:43,721: ERROR: 2241091367: An error occurred while extracting the zip file: [Errno 13] Permission denied: 'artifacts/data_ingestion']
[2024-12-04 16:42:16,503: INFO: common: yaml file: config\config.yaml loaded successfully]
[2024-12-04 16:42:16,506: INFO: common: yaml file: params.yaml loaded successfully]
[2024-12-04 16:42:16,509: INFO: common: created directory at: artifacts]
[2024-12-04 16:42:16,511: INFO: common: created directory at: artifacts/data_ingestion]
[2024-12-04 16:42:16,514: INFO: 2241091367: File already exists.]
[2024-12-04 16:42:16,517: ERROR: 2241091367: An error occurred while extracting the zip file: [Errno 13] Permission denied: 'artifacts/data_ingestion/summarizer_data.zip']
[2024-12-04 17:11:36,584: INFO: common: yaml file: config\config.yaml loaded successfully]
[2024-12-04 17:11:36,587: INFO: common: yaml file: params.yaml loaded successfully]
[2024-12-04 17:11:36,591: INFO: common: created directory at: artifacts]
[2024-12-04 17:11:36,593: INFO: common: created directory at: artifacts/data_ingestion]
[2024-12-04 17:11:38,518: INFO: 2241091367: File is downloaded successfully.]
[2024-12-04 17:11:38,634: INFO: 2241091367: Extracted zip file to artifacts/data_ingestion.]
[2024-12-04 17:13:06,233: INFO: common: yaml file: config\config.yaml loaded successfully]
[2024-12-04 17:13:06,235: INFO: common: yaml file: params.yaml loaded successfully]
[2024-12-04 17:13:06,239: INFO: common: created directory at: artifacts]
[2024-12-04 17:13:06,242: INFO: common: created directory at: artifacts/data_ingestion]
[2024-12-04 17:13:07,377: INFO: 2241091367: File is downloaded successfully.]
[2024-12-04 17:13:07,485: INFO: 2241091367: Extracted zip file to artifacts/data_ingestion.]
[2024-12-04 22:16:51,427: INFO: main: stage Data Ingestion Stage initiated]
[2024-12-04 22:16:51,428: ERROR: main: DataIngestionTrainingPipeline.initiate_data_ingestion() missing 1 required positional argument: 'self']
Traceback (most recent call last):
  File "C:\Users\ericz\TextSummarizer\main.py", line 15, in <module>
    data_ingestion_pipeline.initiate_data_ingestion()
TypeError: DataIngestionTrainingPipeline.initiate_data_ingestion() missing 1 required positional argument: 'self'
[2024-12-04 22:38:30,306: INFO: main: stage Data Ingestion Stage initiated]
[2024-12-04 22:38:30,307: INFO: common: yaml file: config\config.yaml loaded successfully]
[2024-12-04 22:38:30,308: INFO: common: yaml file: params.yaml loaded successfully]
[2024-12-04 22:38:30,308: INFO: common: created directory at: artifacts]
[2024-12-04 22:38:30,309: INFO: common: created directory at: artifacts/data_ingestion]
[2024-12-04 22:38:31,851: INFO: data_ingestion: File is downloaded successfully.]
[2024-12-04 22:38:31,900: INFO: data_ingestion: Extracted zip file to artifacts/data_ingestion.]
[2024-12-04 22:38:31,901: INFO: main: Stage Data Ingestion Stage Completed]
